<?xml version="1.0" encoding="UTF-8"?>
<testng-results skipped="0" failed="0" ignored="0" total="1" passed="1">
  <reporter-output>
  </reporter-output>
  <suite name="Default suite" duration-ms="17018" started-at="2021-03-08T23:50:09Z" finished-at="2021-03-08T23:50:26Z">
    <groups>
    </groups>
    <test name="Default test" duration-ms="17018" started-at="2021-03-08T23:50:09Z" finished-at="2021-03-08T23:50:26Z">
      <class name="com.joe.test.pagefactory.demo.test_baidu_search_po">
        <test-method status="PASS" signature="bf()[pri:0, instance:com.joe.test.pagefactory.demo.test_baidu_search_po@6193932a]" name="bf" is-config="true" duration-ms="10983" started-at="2021-03-09T07:50:09Z" finished-at="2021-03-09T07:50:20Z">
          <reporter-output>
          </reporter-output>
        </test-method> <!-- bf -->
        <test-method status="PASS" signature="test_baidu_search()[pri:0, instance:com.joe.test.pagefactory.demo.test_baidu_search_po@6193932a]" name="test_baidu_search" duration-ms="2166" started-at="2021-03-09T07:50:20Z" finished-at="2021-03-09T07:50:22Z">
          <reporter-output>
          </reporter-output>
        </test-method> <!-- test_baidu_search -->
        <test-method status="PASS" signature="af()[pri:0, instance:com.joe.test.pagefactory.demo.test_baidu_search_po@6193932a]" name="af" is-config="true" duration-ms="3603" started-at="2021-03-09T07:50:22Z" finished-at="2021-03-09T07:50:26Z">
          <reporter-output>
          </reporter-output>
        </test-method> <!-- af -->
      </class> <!-- com.joe.test.pagefactory.demo.test_baidu_search_po -->
    </test> <!-- Default test -->
  </suite> <!-- Default suite -->
</testng-results>
